Configuration File Data
Processor = 10 ms/cycle
Monitor = 25 ms/cycle
Hard Drive = 50 ms/cycle
Printer = 500 ms/cycle
Keyboard = 1000 ms/cycle
Memory = 35 ms/cycle
Mouse = 20 ms/cycle
Speaker = 10 ms/cycle

Meta-Data Metrics
M(allocate)12 - 420
P(run)4 - 40
I(hard drive)14 - 700
O(printer)10 - 5000
P(run)9 - 90
P(run)9 - 90
I(keyboard)5 - 5000
P(run)14 - 140
O(hard drive)9 - 450
M(allocate)4 - 140
I(mouse)9 - 180
O(hard drive)7 - 350
P(run)8 - 80
I(hard drive)12 - 600
O(printer)12 - 6000
P(run)11 - 110
P(run)1 - 10
O(printer)5 - 2500
I(monitor)5 - 125
O(speaker)2 - 20
P(run)11 - 110
P(run)14 - 140
